<?xml version="1.0" encoding="UTF-8"?>
<coverage generated="1634159556251" clover="3.2.0">
  <project timestamp="1634159556252" name="All files">
    <metrics statements="49" coveredstatements="49" conditionals="24" coveredconditionals="24" methods="12" coveredmethods="12" elements="85" coveredelements="85" complexity="0" loc="49" ncloc="49" packages="1" files="1" classes="1"/>
    <file name="App.js" path="E:\CAROLINA\6_SEMESTRE\IngenieriaSoftware\ControladorAuto\parcel-jest-base-main\src\App.js">
      <metrics statements="49" coveredstatements="49" conditionals="24" coveredconditionals="24" methods="12" coveredmethods="12"/>
      <line num="2" count="80" type="stmt"/>
      <line num="5" count="16" type="stmt"/>
      <line num="6" count="16" type="stmt"/>
      <line num="7" count="16" type="stmt"/>
      <line num="8" count="42" type="stmt"/>
      <line num="10" count="16" type="stmt"/>
      <line num="13" count="27" type="cond" truecount="2" falsecount="0"/>
      <line num="14" count="27" type="cond" truecount="2" falsecount="0"/>
      <line num="15" count="27" type="stmt"/>
      <line num="18" count="27" type="cond" truecount="2" falsecount="0"/>
      <line num="19" count="27" type="cond" truecount="2" falsecount="0"/>
      <line num="20" count="27" type="stmt"/>
      <line num="23" count="15" type="stmt"/>
      <line num="24" count="15" type="cond" truecount="2" falsecount="0"/>
      <line num="25" count="11" type="stmt"/>
      <line num="26" count="15" type="stmt"/>
      <line num="29" count="16" type="stmt"/>
      <line num="30" count="16" type="stmt"/>
      <line num="33" count="16" type="stmt"/>
      <line num="34" count="16" type="stmt"/>
      <line num="37" count="16" type="stmt"/>
      <line num="38" count="16" type="stmt"/>
      <line num="41" count="16" type="stmt"/>
      <line num="42" count="16" type="stmt"/>
      <line num="43" count="16" type="stmt"/>
      <line num="46" count="16" type="stmt"/>
      <line num="47" count="16" type="cond" truecount="2" falsecount="0"/>
      <line num="48" count="16" type="stmt"/>
      <line num="51" count="16" type="stmt"/>
      <line num="52" count="16" type="cond" truecount="2" falsecount="0"/>
      <line num="53" count="16" type="stmt"/>
      <line num="56" count="16" type="stmt"/>
      <line num="57" count="16" type="stmt"/>
      <line num="58" count="16" type="stmt"/>
      <line num="59" count="16" type="stmt"/>
      <line num="60" count="16" type="stmt"/>
      <line num="61" count="16" type="stmt"/>
      <line num="62" count="16" type="stmt"/>
      <line num="63" count="16" type="stmt"/>
      <line num="64" count="42" type="stmt"/>
      <line num="65" count="42" type="cond" truecount="2" falsecount="0"/>
      <line num="66" count="27" type="stmt"/>
      <line num="67" count="27" type="stmt"/>
      <line num="69" count="42" type="cond" truecount="2" falsecount="0"/>
      <line num="70" count="42" type="cond" truecount="2" falsecount="0"/>
      <line num="72" count="16" type="stmt"/>
      <line num="73" count="16" type="cond" truecount="2" falsecount="0"/>
      <line num="74" count="16" type="cond" truecount="2" falsecount="0"/>
      <line num="75" count="16" type="stmt"/>
    </file>
  </project>
</coverage>
