{"E:\\CAROLINA\\6_SEMESTRE\\IngenieriaSoftware\\ControladorAuto\\parcel-jest-base-main\\src\\App.js": {"path":"E:\\CAROLINA\\6_SEMESTRE\\IngenieriaSoftware\\ControladorAuto\\parcel-jest-base-main\\src\\App.js","statementMap":{"0":{"start":{"line":2,"column":4},"end":{"line":2,"column":58}},"1":{"start":{"line":5,"column":22},"end":{"line":5,"column":24}},"2":{"start":{"line":6,"column":25},"end":{"line":6,"column":66}},"3":{"start":{"line":7,"column":4},"end":{"line":9,"column":5}},"4":{"start":{"line":7,"column":15},"end":{"line":7,"column":16}},"5":{"start":{"line":8,"column":8},"end":{"line":8,"column":46}},"6":{"start":{"line":10,"column":4},"end":{"line":10,"column":25}},"7":{"start":{"line":13,"column":4},"end":{"line":13,"column":38}},"8":{"start":{"line":13,"column":26},"end":{"line":13,"column":38}},"9":{"start":{"line":14,"column":4},"end":{"line":14,"column":39}},"10":{"start":{"line":14,"column":27},"end":{"line":14,"column":39}},"11":{"start":{"line":15,"column":4},"end":{"line":15,"column":21}},"12":{"start":{"line":18,"column":4},"end":{"line":18,"column":39}},"13":{"start":{"line":18,"column":27},"end":{"line":18,"column":39}},"14":{"start":{"line":19,"column":4},"end":{"line":19,"column":39}},"15":{"start":{"line":19,"column":27},"end":{"line":19,"column":39}},"16":{"start":{"line":20,"column":4},"end":{"line":20,"column":21}},"17":{"start":{"line":23,"column":27},"end":{"line":23,"column":38}},"18":{"start":{"line":24,"column":4},"end":{"line":25,"column":86}},"19":{"start":{"line":24,"column":38},"end":{"line":24,"column":74}},"20":{"start":{"line":25,"column":15},"end":{"line":25,"column":86}},"21":{"start":{"line":26,"column":4},"end":{"line":26,"column":28}},"22":{"start":{"line":29,"column":25},"end":{"line":29,"column":66}},"23":{"start":{"line":30,"column":4},"end":{"line":30,"column":30}},"24":{"start":{"line":33,"column":25},"end":{"line":33,"column":66}},"25":{"start":{"line":34,"column":4},"end":{"line":34,"column":30}},"26":{"start":{"line":37,"column":25},"end":{"line":37,"column":66}},"27":{"start":{"line":38,"column":4},"end":{"line":38,"column":30}},"28":{"start":{"line":41,"column":25},"end":{"line":41,"column":66}},"29":{"start":{"line":42,"column":20},"end":{"line":42,"column":60}},"30":{"start":{"line":43,"column":4},"end":{"line":43,"column":23}},"31":{"start":{"line":46,"column":26},"end":{"line":46,"column":67}},"32":{"start":{"line":47,"column":27},"end":{"line":47,"column":69}},"33":{"start":{"line":48,"column":26},"end":{"line":48,"column":68}},"34":{"start":{"line":49,"column":22},"end":{"line":49,"column":66}},"35":{"start":{"line":50,"column":12},"end":{"line":50,"column":28}},"36":{"start":{"line":51,"column":10},"end":{"line":51,"column":26}},"37":{"start":{"line":52,"column":22},"end":{"line":52,"column":63}},"38":{"start":{"line":53,"column":4},"end":{"line":61,"column":5}},"39":{"start":{"line":53,"column":14},"end":{"line":53,"column":15}},"40":{"start":{"line":54,"column":20},"end":{"line":54,"column":36}},"41":{"start":{"line":55,"column":6},"end":{"line":58,"column":7}},"42":{"start":{"line":56,"column":8},"end":{"line":56,"column":41}},"43":{"start":{"line":57,"column":8},"end":{"line":57,"column":40}},"44":{"start":{"line":59,"column":6},"end":{"line":59,"column":94}},"45":{"start":{"line":59,"column":23},"end":{"line":59,"column":94}},"46":{"start":{"line":60,"column":6},"end":{"line":60,"column":104}},"47":{"start":{"line":60,"column":23},"end":{"line":60,"column":104}},"48":{"start":{"line":62,"column":24},"end":{"line":62,"column":51}},"49":{"start":{"line":63,"column":2},"end":{"line":63,"column":23}}},"fnMap":{"0":{"name":"obtenerCadenaSinSignos","decl":{"start":{"line":1,"column":9},"end":{"line":1,"column":31}},"loc":{"start":{"line":1,"column":50},"end":{"line":3,"column":1}},"line":1},"1":{"name":"obtenerCadenaControles","decl":{"start":{"line":4,"column":9},"end":{"line":4,"column":31}},"loc":{"start":{"line":4,"column":50},"end":{"line":11,"column":1}},"line":4},"2":{"name":"deplazarEnY","decl":{"start":{"line":12,"column":9},"end":{"line":12,"column":20}},"loc":{"start":{"line":12,"column":44},"end":{"line":16,"column":1}},"line":12},"3":{"name":"desplazarEnX","decl":{"start":{"line":17,"column":9},"end":{"line":17,"column":21}},"loc":{"start":{"line":17,"column":45},"end":{"line":21,"column":1}},"line":17},"4":{"name":"obtenerOrientacionFinal","decl":{"start":{"line":22,"column":9},"end":{"line":22,"column":32}},"loc":{"start":{"line":22,"column":60},"end":{"line":27,"column":3}},"line":22},"5":{"name":"obtenerPosicionInicialY","decl":{"start":{"line":28,"column":11},"end":{"line":28,"column":34}},"loc":{"start":{"line":28,"column":53},"end":{"line":31,"column":1}},"line":28},"6":{"name":"obtenerPosicionInicialX","decl":{"start":{"line":32,"column":9},"end":{"line":32,"column":32}},"loc":{"start":{"line":32,"column":51},"end":{"line":35,"column":1}},"line":32},"7":{"name":"obtenerOrientacionInicial","decl":{"start":{"line":36,"column":9},"end":{"line":36,"column":34}},"loc":{"start":{"line":36,"column":53},"end":{"line":39,"column":1}},"line":36},"8":{"name":"obtenerDimensionMatriz","decl":{"start":{"line":40,"column":9},"end":{"line":40,"column":31}},"loc":{"start":{"line":40,"column":50},"end":{"line":44,"column":1}},"line":40},"9":{"name":"controladorAuto","decl":{"start":{"line":45,"column":9},"end":{"line":45,"column":24}},"loc":{"start":{"line":45,"column":44},"end":{"line":64,"column":1}},"line":45}},"branchMap":{"0":{"loc":{"start":{"line":13,"column":4},"end":{"line":13,"column":38}},"type":"if","locations":[{"start":{"line":13,"column":4},"end":{"line":13,"column":38}},{"start":{"line":13,"column":4},"end":{"line":13,"column":38}}],"line":13},"1":{"loc":{"start":{"line":14,"column":4},"end":{"line":14,"column":39}},"type":"if","locations":[{"start":{"line":14,"column":4},"end":{"line":14,"column":39}},{"start":{"line":14,"column":4},"end":{"line":14,"column":39}}],"line":14},"2":{"loc":{"start":{"line":18,"column":4},"end":{"line":18,"column":39}},"type":"if","locations":[{"start":{"line":18,"column":4},"end":{"line":18,"column":39}},{"start":{"line":18,"column":4},"end":{"line":18,"column":39}}],"line":18},"3":{"loc":{"start":{"line":19,"column":4},"end":{"line":19,"column":39}},"type":"if","locations":[{"start":{"line":19,"column":4},"end":{"line":19,"column":39}},{"start":{"line":19,"column":4},"end":{"line":19,"column":39}}],"line":19},"4":{"loc":{"start":{"line":24,"column":4},"end":{"line":25,"column":86}},"type":"if","locations":[{"start":{"line":24,"column":4},"end":{"line":25,"column":86}},{"start":{"line":24,"column":4},"end":{"line":25,"column":86}}],"line":24},"5":{"loc":{"start":{"line":55,"column":6},"end":{"line":58,"column":7}},"type":"if","locations":[{"start":{"line":55,"column":6},"end":{"line":58,"column":7}},{"start":{"line":55,"column":6},"end":{"line":58,"column":7}}],"line":55},"6":{"loc":{"start":{"line":59,"column":6},"end":{"line":59,"column":94}},"type":"if","locations":[{"start":{"line":59,"column":6},"end":{"line":59,"column":94}},{"start":{"line":59,"column":6},"end":{"line":59,"column":94}}],"line":59},"7":{"loc":{"start":{"line":60,"column":6},"end":{"line":60,"column":104}},"type":"if","locations":[{"start":{"line":60,"column":6},"end":{"line":60,"column":104}},{"start":{"line":60,"column":6},"end":{"line":60,"column":104}}],"line":60}},"s":{"0":70,"1":14,"2":14,"3":14,"4":14,"5":40,"6":14,"7":25,"8":10,"9":25,"10":4,"11":25,"12":25,"13":7,"14":25,"15":4,"16":25,"17":15,"18":15,"19":4,"20":11,"21":15,"22":14,"23":14,"24":14,"25":14,"26":14,"27":14,"28":14,"29":14,"30":14,"31":14,"32":14,"33":14,"34":14,"35":14,"36":14,"37":14,"38":14,"39":14,"40":40,"41":40,"42":25,"43":25,"44":40,"45":8,"46":40,"47":7,"48":14,"49":14},"f":{"0":70,"1":14,"2":25,"3":25,"4":15,"5":14,"6":14,"7":14,"8":14,"9":14},"b":{"0":[10,15],"1":[4,21],"2":[7,18],"3":[4,21],"4":[4,11],"5":[25,15],"6":[8,32],"7":[7,33]},"_coverageSchema":"1a1c01bbd47fc00a2c39e90264f33305004495a9","hash":"b9fb40233daceaee0b595226418b3cde23d8b8f9"}
}
