{"E:\\CAROLINA\\6_SEMESTRE\\IngenieriaSoftware\\ControladorAuto\\parcel-jest-base-main\\src\\App.js": {"path":"E:\\CAROLINA\\6_SEMESTRE\\IngenieriaSoftware\\ControladorAuto\\parcel-jest-base-main\\src\\App.js","statementMap":{"0":{"start":{"line":2,"column":4},"end":{"line":2,"column":58}},"1":{"start":{"line":5,"column":22},"end":{"line":5,"column":24}},"2":{"start":{"line":6,"column":25},"end":{"line":6,"column":66}},"3":{"start":{"line":7,"column":4},"end":{"line":9,"column":5}},"4":{"start":{"line":7,"column":15},"end":{"line":7,"column":16}},"5":{"start":{"line":8,"column":8},"end":{"line":8,"column":46}},"6":{"start":{"line":10,"column":4},"end":{"line":10,"column":25}},"7":{"start":{"line":13,"column":4},"end":{"line":15,"column":5}},"8":{"start":{"line":13,"column":16},"end":{"line":13,"column":17}},"9":{"start":{"line":14,"column":8},"end":{"line":14,"column":73}},"10":{"start":{"line":14,"column":61},"end":{"line":14,"column":73}},"11":{"start":{"line":16,"column":4},"end":{"line":16,"column":21}},"12":{"start":{"line":20,"column":27},"end":{"line":20,"column":38}},"13":{"start":{"line":21,"column":4},"end":{"line":22,"column":86}},"14":{"start":{"line":21,"column":38},"end":{"line":21,"column":74}},"15":{"start":{"line":22,"column":15},"end":{"line":22,"column":86}},"16":{"start":{"line":23,"column":4},"end":{"line":23,"column":28}},"17":{"start":{"line":26,"column":25},"end":{"line":26,"column":66}},"18":{"start":{"line":27,"column":4},"end":{"line":27,"column":30}},"19":{"start":{"line":30,"column":25},"end":{"line":30,"column":66}},"20":{"start":{"line":31,"column":4},"end":{"line":31,"column":30}},"21":{"start":{"line":34,"column":25},"end":{"line":34,"column":66}},"22":{"start":{"line":35,"column":4},"end":{"line":35,"column":30}},"23":{"start":{"line":38,"column":25},"end":{"line":38,"column":66}},"24":{"start":{"line":39,"column":20},"end":{"line":39,"column":60}},"25":{"start":{"line":40,"column":4},"end":{"line":40,"column":23}},"26":{"start":{"line":43,"column":26},"end":{"line":43,"column":67}},"27":{"start":{"line":44,"column":27},"end":{"line":44,"column":69}},"28":{"start":{"line":45,"column":26},"end":{"line":45,"column":68}},"29":{"start":{"line":46,"column":22},"end":{"line":46,"column":66}},"30":{"start":{"line":47,"column":12},"end":{"line":47,"column":28}},"31":{"start":{"line":48,"column":10},"end":{"line":48,"column":26}},"32":{"start":{"line":49,"column":22},"end":{"line":49,"column":63}},"33":{"start":{"line":50,"column":4},"end":{"line":50,"column":65}},"34":{"start":{"line":51,"column":4},"end":{"line":54,"column":5}},"35":{"start":{"line":51,"column":16},"end":{"line":51,"column":17}},"36":{"start":{"line":52,"column":8},"end":{"line":52,"column":104}},"37":{"start":{"line":52,"column":36},"end":{"line":52,"column":104}},"38":{"start":{"line":53,"column":8},"end":{"line":53,"column":114}},"39":{"start":{"line":53,"column":36},"end":{"line":53,"column":114}},"40":{"start":{"line":55,"column":24},"end":{"line":55,"column":51}},"41":{"start":{"line":56,"column":2},"end":{"line":56,"column":23}}},"fnMap":{"0":{"name":"obtenerCadenaSinSignos","decl":{"start":{"line":1,"column":9},"end":{"line":1,"column":31}},"loc":{"start":{"line":1,"column":50},"end":{"line":3,"column":1}},"line":1},"1":{"name":"obtenerCadenaControles","decl":{"start":{"line":4,"column":9},"end":{"line":4,"column":31}},"loc":{"start":{"line":4,"column":50},"end":{"line":11,"column":1}},"line":4},"2":{"name":"avanzarEnY","decl":{"start":{"line":12,"column":9},"end":{"line":12,"column":19}},"loc":{"start":{"line":12,"column":64},"end":{"line":17,"column":1}},"line":12},"3":{"name":"obtenerOrientacionFinal","decl":{"start":{"line":19,"column":9},"end":{"line":19,"column":32}},"loc":{"start":{"line":19,"column":60},"end":{"line":24,"column":3}},"line":19},"4":{"name":"obtenerPosicionInicialY","decl":{"start":{"line":25,"column":11},"end":{"line":25,"column":34}},"loc":{"start":{"line":25,"column":53},"end":{"line":28,"column":1}},"line":25},"5":{"name":"obtenerPosicionInicialX","decl":{"start":{"line":29,"column":9},"end":{"line":29,"column":32}},"loc":{"start":{"line":29,"column":51},"end":{"line":32,"column":1}},"line":29},"6":{"name":"obtenerOrientacionInicial","decl":{"start":{"line":33,"column":9},"end":{"line":33,"column":34}},"loc":{"start":{"line":33,"column":53},"end":{"line":36,"column":1}},"line":33},"7":{"name":"obtenerDimensionMatriz","decl":{"start":{"line":37,"column":9},"end":{"line":37,"column":31}},"loc":{"start":{"line":37,"column":50},"end":{"line":41,"column":1}},"line":37},"8":{"name":"controladorAuto","decl":{"start":{"line":42,"column":9},"end":{"line":42,"column":24}},"loc":{"start":{"line":42,"column":44},"end":{"line":57,"column":1}},"line":42}},"branchMap":{"0":{"loc":{"start":{"line":14,"column":8},"end":{"line":14,"column":73}},"type":"if","locations":[{"start":{"line":14,"column":8},"end":{"line":14,"column":73}},{"start":{"line":14,"column":8},"end":{"line":14,"column":73}}],"line":14},"1":{"loc":{"start":{"line":14,"column":11},"end":{"line":14,"column":59}},"type":"binary-expr","locations":[{"start":{"line":14,"column":11},"end":{"line":14,"column":38}},{"start":{"line":14,"column":42},"end":{"line":14,"column":59}}],"line":14},"2":{"loc":{"start":{"line":21,"column":4},"end":{"line":22,"column":86}},"type":"if","locations":[{"start":{"line":21,"column":4},"end":{"line":22,"column":86}},{"start":{"line":21,"column":4},"end":{"line":22,"column":86}}],"line":21},"3":{"loc":{"start":{"line":52,"column":8},"end":{"line":52,"column":104}},"type":"if","locations":[{"start":{"line":52,"column":8},"end":{"line":52,"column":104}},{"start":{"line":52,"column":8},"end":{"line":52,"column":104}}],"line":52},"4":{"loc":{"start":{"line":53,"column":8},"end":{"line":53,"column":114}},"type":"if","locations":[{"start":{"line":53,"column":8},"end":{"line":53,"column":114}},{"start":{"line":53,"column":8},"end":{"line":53,"column":114}}],"line":53}},"s":{"0":35,"1":7,"2":7,"3":7,"4":7,"5":13,"6":7,"7":7,"8":7,"9":13,"10":8,"11":7,"12":5,"13":5,"14":1,"15":4,"16":5,"17":7,"18":7,"19":7,"20":7,"21":7,"22":7,"23":7,"24":7,"25":7,"26":7,"27":7,"28":7,"29":7,"30":7,"31":7,"32":7,"33":7,"34":7,"35":7,"36":13,"37":3,"38":13,"39":2,"40":7,"41":7},"f":{"0":35,"1":7,"2":7,"3":5,"4":7,"5":7,"6":7,"7":7,"8":7},"b":{"0":[8,5],"1":[13,8],"2":[1,4],"3":[3,10],"4":[2,11]},"_coverageSchema":"1a1c01bbd47fc00a2c39e90264f33305004495a9","hash":"a129809d4e17d812656212dc5055d4df70ef66b3"}
}
