TN:
SF:src\App.js
FN:1,obtenerCadenaSinSignos
FN:4,obtenerCadenaControles
FN:12,deplazarEnY
FN:17,desplazarEnX
FN:22,obtenerOrientacionFinal
FN:28,obtenerPosicionInicialY
FN:32,obtenerPosicionInicialX
FN:36,obtenerOrientacionInicial
FN:40,obtenerDimensionMatriz
FN:45,posicionMayorLimite
FN:50,controladorAuto
FNF:11
FNH:11
FNDA:80,obtenerCadenaSinSignos
FNDA:16,obtenerCadenaControles
FNDA:27,deplazarEnY
FNDA:27,desplazarEnX
FNDA:15,obtenerOrientacionFinal
FNDA:16,obtenerPosicionInicialY
FNDA:16,obtenerPosicionInicialX
FNDA:16,obtenerOrientacionInicial
FNDA:16,obtenerDimensionMatriz
FNDA:32,posicionMayorLimite
FNDA:16,controladorAuto
DA:2,80
DA:5,16
DA:6,16
DA:7,16
DA:8,42
DA:10,16
DA:13,27
DA:14,27
DA:15,27
DA:18,27
DA:19,27
DA:20,27
DA:23,15
DA:24,15
DA:25,11
DA:26,15
DA:29,16
DA:30,16
DA:33,16
DA:34,16
DA:37,16
DA:38,16
DA:41,16
DA:42,16
DA:43,16
DA:46,32
DA:47,32
DA:48,32
DA:51,16
DA:52,16
DA:53,16
DA:54,16
DA:55,16
DA:56,16
DA:57,16
DA:58,16
DA:59,42
DA:60,42
DA:61,27
DA:62,27
DA:64,42
DA:65,42
DA:67,16
DA:68,16
DA:69,16
DA:70,16
LF:46
LH:46
BRDA:13,0,0,11
BRDA:13,0,1,16
BRDA:14,1,0,4
BRDA:14,1,1,23
BRDA:18,2,0,8
BRDA:18,2,1,19
BRDA:19,3,0,4
BRDA:19,3,1,23
BRDA:24,4,0,4
BRDA:24,4,1,11
BRDA:47,5,0,2
BRDA:47,5,1,30
BRDA:60,6,0,27
BRDA:60,6,1,15
BRDA:64,7,0,8
BRDA:64,7,1,34
BRDA:65,8,0,7
BRDA:65,8,1,35
BRDA:68,9,0,1
BRDA:68,9,1,15
BRDA:69,10,0,1
BRDA:69,10,1,15
BRF:22
BRH:22
end_of_record
