TN:
SF:src\App.js
FN:1,obtenerCadenaSinSignos
FN:4,obtenerCadenaControles
FN:12,deplazarEnY
FN:17,desplazarEnX
FN:22,obtenerOrientacionFinal
FN:28,obtenerPosicionInicialY
FN:32,obtenerPosicionInicialX
FN:36,obtenerOrientacionInicial
FN:40,obtenerDimensionMatriz
FN:45,posicionMayorLimite
FN:50,controladorAuto
FNF:11
FNH:11
FNDA:85,obtenerCadenaSinSignos
FNDA:17,obtenerCadenaControles
FNDA:29,deplazarEnY
FNDA:29,desplazarEnX
FNDA:17,obtenerOrientacionFinal
FNDA:17,obtenerPosicionInicialY
FNDA:17,obtenerPosicionInicialX
FNDA:17,obtenerOrientacionInicial
FNDA:17,obtenerDimensionMatriz
FNDA:34,posicionMayorLimite
FNDA:17,controladorAuto
DA:2,85
DA:5,17
DA:6,17
DA:7,17
DA:8,46
DA:10,17
DA:13,29
DA:14,29
DA:15,29
DA:18,29
DA:19,29
DA:20,29
DA:23,17
DA:24,17
DA:25,13
DA:26,17
DA:29,17
DA:30,17
DA:33,17
DA:34,17
DA:37,17
DA:38,17
DA:41,17
DA:42,17
DA:43,17
DA:46,34
DA:47,34
DA:48,34
DA:51,17
DA:52,17
DA:53,17
DA:54,17
DA:55,17
DA:56,17
DA:57,17
DA:58,17
DA:59,46
DA:60,46
DA:61,29
DA:62,29
DA:64,46
DA:65,46
DA:67,17
DA:68,17
DA:69,17
DA:70,17
LF:46
LH:46
BRDA:13,0,0,12
BRDA:13,0,1,17
BRDA:14,1,0,4
BRDA:14,1,1,25
BRDA:18,2,0,8
BRDA:18,2,1,21
BRDA:19,3,0,5
BRDA:19,3,1,24
BRDA:24,4,0,4
BRDA:24,4,1,13
BRDA:47,5,0,2
BRDA:47,5,1,32
BRDA:60,6,0,29
BRDA:60,6,1,17
BRDA:64,7,0,9
BRDA:64,7,1,37
BRDA:65,8,0,8
BRDA:65,8,1,38
BRDA:68,9,0,1
BRDA:68,9,1,16
BRDA:69,10,0,1
BRDA:69,10,1,16
BRF:22
BRH:22
end_of_record
